[2015-01-02 00:02:48] START
[2015-01-02 00:02:48] EDIT GNUnify/models/db_wizard.py: 3
[2015-01-02 00:02:54] EDIT GNUnify/models/db_wizard.py: 0
[2015-01-02 00:06:50] EDIT GNUnify/models/db_wizard.py: 3
[2015-01-02 00:07:29] EDIT GNUnify/models/db_wizard.py: 0
[2015-01-02 00:08:36] EDIT GNUnify/models/menu.py: 3
[2015-01-02 00:08:41] EDIT GNUnify/models/menu.py: 0
[2015-01-02 00:09:44] EDIT GNUnify/controllers/default.py: -4
[2015-01-02 00:11:06] EDIT GNUnify/models/menu.py: 0
[2015-01-02 00:15:23] EDIT GNUnify/models/db_wizard.py: -1
[2015-01-02 00:17:34] EDIT GNUnify/views/layout.html: -1
[2015-01-02 00:22:14] EDIT GNUnify/controllers/default.py: 1
[2015-01-02 00:23:04] EDIT GNUnify/controllers/default.py: 0
[2015-01-02 00:24:48] EDIT GNUnify/views/default/talks.html: 10
[2015-01-02 00:25:16] EDIT GNUnify/views/default/talks.html: 0
[2015-01-02 00:25:31] EDIT GNUnify/views/default/talks.html: 0
[2015-01-02 00:26:25] EDIT GNUnify/views/default/talks.html: 2
[2015-01-02 00:26:46] EDIT GNUnify/views/default/talks.html: 0
[2015-01-02 00:27:02] EDIT GNUnify/views/layout.html: 1
[2015-01-02 00:35:57] EDIT GNUnify/views/default/talks.html: 1
[2015-01-02 00:36:34] EDIT GNUnify/views/default/talks.html: 0
[2015-01-02 00:42:55] EDIT GNUnify/views/default/talks.html: 0
[2015-01-02 00:46:52] EDIT GNUnify/controllers/default.py: 9
[2015-01-02 00:47:02] EDIT GNUnify/controllers/default.py: 0
[2015-01-02 00:47:21] CREATE default/show_talk.html: 0
[2015-01-02 00:49:05] EDIT GNUnify/views/default/show_talk.html: 16
[2015-01-02 00:51:48] EDIT GNUnify/views/default/show_talk.html: 0
[2015-01-02 00:55:51] EDIT GNUnify/views/default/show_talk.html: 0
[2015-01-02 00:56:40] EDIT GNUnify/views/default/talks.html: 2
[2015-01-02 00:56:58] EDIT GNUnify/views/default/talks.html: 0
[2015-01-02 00:57:23] EDIT GNUnify/views/default/show_talk.html: 0
[2015-01-02 00:59:53] EDIT GNUnify/views/default/show_talk.html: 4
[2015-01-02 01:01:40] EDIT GNUnify/models/db_wizard.py: 2
[2015-01-02 01:02:28] EDIT GNUnify/models/db_wizard.py: 0
[2015-01-02 01:06:10] EDIT GNUnify/views/default/show_talk.html: 0
[2015-01-02 01:06:31] EDIT GNUnify/views/default/show_talk.html: 0
[2015-01-02 01:08:33] EDIT GNUnify/views/default/show_talk.html: 4
[2015-01-02 01:08:52] EDIT GNUnify/views/default/show_talk.html: 0
[2015-01-02 01:09:06] EDIT GNUnify/views/default/show_talk.html: -3
[2015-01-02 01:09:51] EDIT GNUnify/controllers/default.py: 1
[2015-01-02 01:10:00] CREATE default/show_speaker.html: 0
[2015-01-02 01:10:43] EDIT GNUnify/views/default/speakers.html: 0
[2015-01-02 01:11:01] EDIT GNUnify/views/default/talks.html: 0
[2015-01-02 01:14:39] EDIT GNUnify/views/default/speakers.html: 13
[2015-01-02 01:15:34] EDIT GNUnify/views/default/speakers.html: -1
[2015-01-02 01:16:01] EDIT GNUnify/controllers/default.py: 0
[2015-01-02 01:17:10] EDIT GNUnify/controllers/default.py: 0
[2015-01-02 01:18:57] EDIT GNUnify/controllers/default.py: 9
[2015-01-02 01:19:03] EDIT GNUnify/controllers/default.py: 0
[2015-01-02 01:22:02] EDIT GNUnify/views/default/show_speaker.html: 13
[2015-01-02 01:22:30] EDIT GNUnify/views/default/show_speaker.html: 0
[2015-01-02 01:23:33] EDIT GNUnify/views/default/show_speaker.html: 0
[2015-01-02 01:27:08] EDIT GNUnify/controllers/default.py: 1
[2015-01-02 01:28:55] EDIT GNUnify/views/default/show_speaker.html: 21
[2015-01-02 01:29:14] EDIT GNUnify/controllers/default.py: 0
[2015-01-02 01:29:33] EDIT GNUnify/views/default/show_speaker.html: 1
[2015-01-02 01:30:01] EDIT GNUnify/views/default/show_speaker.html: 0
[2015-01-02 01:31:53] EDIT GNUnify/views/default/show_talk.html: 2
[2015-01-02 01:32:12] EDIT GNUnify/views/default/show_talk.html: -2
[2015-01-02 01:32:40] EDIT GNUnify/views/default/talks.html: 0
[2015-01-02 01:41:48] EDIT GNUnify/models/menu.py: 0
[2015-01-02 01:42:28] EDIT GNUnify/models/0.py: 0
[2015-01-02 01:43:28] EDIT GNUnify/views/default/index.html: 0
[2015-01-02 01:44:10] EDIT GNUnify/models/0.py: 0
[2015-01-02 01:44:42] EDIT GNUnify/views/default/index.html: 0
[2015-01-02 01:45:14] EDIT GNUnify/models/menu.py: 0
[2015-01-02 01:47:05] EDIT GNUnify/views/default/index.html: 3
[2015-01-02 01:55:21] EDIT GNUnify/views/default/speakers.html: 0
[2015-01-02 17:10:06] EDIT GNUnify/models/db_wizard.py: 8
[2015-01-02 17:11:22] EDIT GNUnify/models/db_wizard.py: 2
[2015-01-02 17:11:46] EDIT GNUnify/models/db_wizard.py: 0
[2015-01-02 17:12:15] EDIT GNUnify/models/db_wizard.py: 0
[2015-01-02 17:15:38] EDIT GNUnify/controllers/default.py: 9
[2015-01-02 17:16:38] EDIT GNUnify/views/default/show_talk.html: 18
[2015-01-02 17:19:25] EDIT GNUnify/controllers/default.py: 21
[2015-01-02 17:19:54] EDIT GNUnify/controllers/default.py: 0
[2015-01-02 17:21:08] EDIT GNUnify/views/default/show_talk.html: 0
[2015-01-02 17:21:59] EDIT GNUnify/controllers/default.py: 4
[2015-01-02 17:22:51] EDIT GNUnify/models/menu.py: 1
[2015-01-02 17:23:33] CREATE default/attendance_manage.html: 0
[2015-01-02 17:23:52] EDIT GNUnify/views/default/attendance_manage.html: 0
[2015-01-02 17:34:18] EDIT GNUnify/views/default/show_talk.html: 1
[2015-01-02 17:35:18] EDIT GNUnify/controllers/default.py: 1
[2015-01-02 17:35:53] EDIT GNUnify/views/default/show_talk.html: 2
[2015-01-02 17:37:12] EDIT GNUnify/views/default/talks.html: 3
[2015-01-02 17:38:04] EDIT GNUnify/controllers/default.py: 2
[2015-01-02 19:58:38] EDIT GNUnify/controllers/default.py: 6
[2015-01-02 19:59:18] CREATE default/talks_attending.html: 0
[2015-01-02 20:01:41] EDIT GNUnify/views/default/talks_attending.html: 17
[2015-01-02 20:02:53] EDIT GNUnify/models/menu.py: 2
[2015-01-02 20:03:21] EDIT GNUnify/controllers/default.py: 0
[2015-01-02 20:03:50] EDIT GNUnify/controllers/default.py: 0
[2015-01-02 20:04:14] EDIT GNUnify/views/default/talks_attending.html: 0
[2015-01-02 21:28:19] EDIT GNUnify/models/0.py: 0
[2015-01-02 21:29:42] EDIT GNUnify/models/db.py: 0
[2015-01-02 21:30:08] EDIT GNUnify/models/0.py: 2
[2015-01-02 21:31:44] EDIT GNUnify/models/db.py: 0
[2015-01-02 21:37:36] EDIT GNUnify/models/db.py: 0
[2015-01-02 21:43:38] EDIT GNUnify/controllers/default.py: 10
[2015-01-02 21:44:16] EDIT GNUnify/controllers/default.py: -2
[2015-01-02 21:46:36] EDIT GNUnify/views/default/talks_attending.html: 4
[2015-01-02 21:48:21] EDIT GNUnify/models/0.py: -2
[2015-01-02 21:49:00] EDIT GNUnify/controllers/default.py: 1
[2015-01-02 23:53:34] EDIT GNUnify/models/0.py: 0
[2015-01-03 00:02:55] EDIT GNUnify/models/0.py: 0
[2015-01-03 00:10:29] EDIT GNUnify/controllers/default.py: 0
[2015-01-03 00:24:48] EDIT GNUnify/models/0.py: 0
[2015-01-03 00:40:00] EDIT GNUnify/controllers/default.py: 2
[2015-01-03 00:47:16] EDIT GNUnify/controllers/default.py: 3
[2015-01-03 00:47:38] EDIT GNUnify/controllers/default.py: 0
[2015-01-03 00:47:45] EDIT GNUnify/controllers/default.py: 0
[2015-01-03 00:57:03] EDIT GNUnify/controllers/default.py: 0
[2015-01-03 00:58:34] EDIT GNUnify/controllers/default.py: 0
[2015-01-03 01:00:19] EDIT GNUnify/controllers/default.py: 0
[2015-01-03 01:07:43] EDIT GNUnify/controllers/default.py: 0
[2015-01-03 01:30:47] EDIT GNUnify/controllers/default.py: 5
[2015-01-03 01:32:53] EDIT GNUnify/views/default/talks_attending.html: 3
[2015-01-03 01:33:22] EDIT GNUnify/views/default/talks_attending.html: -2
[2015-01-03 01:34:10] CREATE get_ics.ics: 0
[2015-01-03 01:34:45] EDIT GNUnify/controllers/default.py: -1
[2015-01-03 01:35:15] EDIT GNUnify/controllers/default.py: 1
[2015-01-03 01:36:27] DELETE GNUnify/views/get_ics.ics: -2
[2015-01-03 01:36:55] CREATE default/get_ics.ics: 0
[2015-01-03 01:37:14] EDIT GNUnify/controllers/default.py: 0
[2015-01-03 01:37:39] EDIT GNUnify/controllers/default.py: 0
[2015-01-03 01:38:44] EDIT GNUnify/views/default/get_ics.ics: 0
[2015-01-03 01:38:59] EDIT GNUnify/views/default/get_ics.ics: 0
[2015-01-03 01:41:54] EDIT GNUnify/controllers/default.py: 3
[2015-01-03 01:43:28] EDIT GNUnify/controllers/default.py: 2
[2015-01-03 01:44:43] EDIT GNUnify/controllers/default.py: 3
[2015-01-03 01:45:42] EDIT GNUnify/controllers/default.py: 0
[2015-01-03 01:46:03] EDIT GNUnify/controllers/default.py: 0
[2015-01-03 01:47:43] EDIT GNUnify/controllers/default.py: 0
[2015-01-03 01:48:18] EDIT GNUnify/controllers/default.py: 0
[2015-01-03 01:48:31] EDIT GNUnify/controllers/default.py: 0
[2015-01-03 01:48:57] EDIT GNUnify/controllers/default.py: 0
[2015-01-03 01:49:58] EDIT GNUnify/controllers/default.py: 0
[2015-01-03 01:50:23] EDIT GNUnify/controllers/default.py: 0
[2015-01-03 01:50:55] EDIT GNUnify/controllers/default.py: -1
[2015-01-03 01:55:37] EDIT GNUnify/controllers/default.py: -2
[2015-01-03 01:56:13] EDIT GNUnify/views/default/talks_attending.html: 0
[2015-01-03 01:56:31] EDIT GNUnify/controllers/default.py: 1
[2015-01-03 02:00:15] EDIT GNUnify/controllers/default.py: -3
[2015-01-03 02:03:53] EDIT GNUnify/controllers/default.py: 0
[2015-01-03 02:10:55] EDIT GNUnify/controllers/default.py: 0
[2015-01-03 02:16:34] EDIT GNUnify/controllers/default.py: 2
[2015-01-03 02:17:00] EDIT GNUnify/controllers/default.py: 0
[2015-01-03 02:18:40] EDIT GNUnify/controllers/default.py: 0
[2015-01-03 02:21:16] EDIT GNUnify/controllers/default.py: 1
[2015-01-03 02:23:16] EDIT GNUnify/controllers/default.py: 0
[2015-01-03 02:25:20] EDIT GNUnify/controllers/default.py: -1
[2015-01-03 02:30:47] EDIT GNUnify/controllers/default.py: 0
[2015-01-03 02:50:16] EDIT GNUnify/controllers/default.py: 1
[2015-01-03 02:51:57] EDIT GNUnify/controllers/default.py: 0
[2015-01-03 02:52:12] EDIT GNUnify/views/default/get_ics.ics: 0
[2015-01-03 02:54:05] EDIT GNUnify/controllers/default.py: -1
[2015-01-03 02:54:12] EDIT GNUnify/views/default/get_ics.ics: 0
[2015-01-03 02:59:58] EDIT GNUnify/models/0.py: 0
[2015-01-03 03:11:10] EDIT GNUnify/models/0.py: 0
[2015-01-03 03:18:00] EDIT GNUnify/models/db.py: 3
[2015-01-03 03:21:06] EDIT GNUnify/models/db.py: 0
[2015-01-03 03:21:32] EDIT GNUnify/models/0.py: 0
