timestamp: 2015-01-01T23:57:53.416204
CREATE TABLE auth_user(
    id INTEGER PRIMARY KEY AUTOINCREMENT,
    first_name CHAR(128),
    last_name CHAR(128),
    email CHAR(512),
    password CHAR(512),
    registration_key CHAR(512),
    reset_password_key CHAR(512),
    registration_id CHAR(512)
);
success!
timestamp: 2015-01-01T23:57:53.421453
CREATE TABLE auth_group(
    id INTEGER PRIMARY KEY AUTOINCREMENT,
    role CHAR(512),
    description TEXT
);
success!
timestamp: 2015-01-01T23:57:53.427261
CREATE TABLE auth_membership(
    id INTEGER PRIMARY KEY AUTOINCREMENT,
    user_id INTEGER REFERENCES auth_user (id) ON DELETE CASCADE,
    group_id INTEGER REFERENCES auth_group (id) ON DELETE CASCADE
);
success!
timestamp: 2015-01-01T23:57:53.434193
CREATE TABLE auth_permission(
    id INTEGER PRIMARY KEY AUTOINCREMENT,
    group_id INTEGER REFERENCES auth_group (id) ON DELETE CASCADE,
    name CHAR(512),
    table_name CHAR(512),
    record_id INTEGER
);
success!
timestamp: 2015-01-01T23:57:53.441428
CREATE TABLE auth_event(
    id INTEGER PRIMARY KEY AUTOINCREMENT,
    time_stamp TIMESTAMP,
    client_ip CHAR(512),
    user_id INTEGER REFERENCES auth_user (id) ON DELETE CASCADE,
    origin CHAR(512),
    description TEXT
);
success!
timestamp: 2015-01-01T23:57:53.447205
CREATE TABLE auth_cas(
    id INTEGER PRIMARY KEY AUTOINCREMENT,
    user_id INTEGER REFERENCES auth_user (id) ON DELETE CASCADE,
    created_on TIMESTAMP,
    service CHAR(512),
    ticket CHAR(512),
    renew CHAR(1)
);
success!
timestamp: 2015-01-01T23:57:53.457256
CREATE TABLE t_room(
    id INTEGER PRIMARY KEY AUTOINCREMENT,
    f_name INTEGER,
    f_is_a_lab CHAR(1),
    f_capacity INTEGER,
    is_active CHAR(1),
    created_on TIMESTAMP,
    created_by INTEGER REFERENCES auth_user (id) ON DELETE CASCADE,
    modified_on TIMESTAMP,
    modified_by INTEGER REFERENCES auth_user (id) ON DELETE CASCADE
);
success!
timestamp: 2015-01-01T23:57:53.465188
CREATE TABLE t_room_archive(
    id INTEGER PRIMARY KEY AUTOINCREMENT,
    f_name INTEGER,
    f_is_a_lab CHAR(1),
    f_capacity INTEGER,
    is_active CHAR(1),
    created_on TIMESTAMP,
    created_by INTEGER REFERENCES auth_user (id) ON DELETE CASCADE,
    modified_on TIMESTAMP,
    modified_by INTEGER REFERENCES auth_user (id) ON DELETE CASCADE,
    current_record INTEGER REFERENCES t_room (id) ON DELETE CASCADE
);
success!
timestamp: 2015-01-01T23:57:53.473913
CREATE TABLE t_slot(
    id INTEGER PRIMARY KEY AUTOINCREMENT,
    f_room INTEGER REFERENCES t_room (id) ON DELETE CASCADE,
    f_date DATE,
    f_start_time TIME,
    f_stop_time TIME,
    is_active CHAR(1),
    created_on TIMESTAMP,
    created_by INTEGER REFERENCES auth_user (id) ON DELETE CASCADE,
    modified_on TIMESTAMP,
    modified_by INTEGER REFERENCES auth_user (id) ON DELETE CASCADE
);
success!
timestamp: 2015-01-01T23:57:53.481955
CREATE TABLE t_slot_archive(
    id INTEGER PRIMARY KEY AUTOINCREMENT,
    f_room INTEGER REFERENCES t_room (id) ON DELETE CASCADE,
    f_date DATE,
    f_start_time TIME,
    f_stop_time TIME,
    is_active CHAR(1),
    created_on TIMESTAMP,
    created_by INTEGER REFERENCES auth_user (id) ON DELETE CASCADE,
    modified_on TIMESTAMP,
    modified_by INTEGER REFERENCES auth_user (id) ON DELETE CASCADE,
    current_record INTEGER REFERENCES t_slot (id) ON DELETE CASCADE
);
success!
timestamp: 2015-01-01T23:57:53.490535
CREATE TABLE t_speaker(
    id INTEGER PRIMARY KEY AUTOINCREMENT,
    f_name CHAR(512),
    f_subtitle CHAR(512),
    f_web CHAR(512),
    f_bio TEXT,
    is_active CHAR(1),
    created_on TIMESTAMP,
    created_by INTEGER REFERENCES auth_user (id) ON DELETE CASCADE,
    modified_on TIMESTAMP,
    modified_by INTEGER REFERENCES auth_user (id) ON DELETE CASCADE
);
success!
timestamp: 2015-01-01T23:57:53.499958
CREATE TABLE t_speaker_archive(
    id INTEGER PRIMARY KEY AUTOINCREMENT,
    f_name CHAR(512),
    f_subtitle CHAR(512),
    f_web CHAR(512),
    f_bio TEXT,
    is_active CHAR(1),
    created_on TIMESTAMP,
    created_by INTEGER REFERENCES auth_user (id) ON DELETE CASCADE,
    modified_on TIMESTAMP,
    modified_by INTEGER REFERENCES auth_user (id) ON DELETE CASCADE,
    current_record INTEGER REFERENCES t_speaker (id) ON DELETE CASCADE
);
success!
timestamp: 2015-01-01T23:57:53.509538
CREATE TABLE t_talk(
    id INTEGER PRIMARY KEY AUTOINCREMENT,
    f_title CHAR(512) NOT NULL,
    f_speaker INTEGER REFERENCES t_speaker (id) ON DELETE CASCADE,
    f_slot INTEGER REFERENCES t_slot (id) ON DELETE CASCADE,
    f_description TEXT,
    f_resource CHAR(512),
    is_active CHAR(1),
    created_on TIMESTAMP,
    created_by INTEGER REFERENCES auth_user (id) ON DELETE CASCADE,
    modified_on TIMESTAMP,
    modified_by INTEGER REFERENCES auth_user (id) ON DELETE CASCADE
);
success!
timestamp: 2015-01-01T23:57:53.517700
CREATE TABLE t_talk_archive(
    id INTEGER PRIMARY KEY AUTOINCREMENT,
    f_title CHAR(512) NOT NULL,
    f_speaker INTEGER REFERENCES t_speaker (id) ON DELETE CASCADE,
    f_slot INTEGER REFERENCES t_slot (id) ON DELETE CASCADE,
    f_description TEXT,
    f_resource CHAR(512),
    is_active CHAR(1),
    created_on TIMESTAMP,
    created_by INTEGER REFERENCES auth_user (id) ON DELETE CASCADE,
    modified_on TIMESTAMP,
    modified_by INTEGER REFERENCES auth_user (id) ON DELETE CASCADE,
    current_record INTEGER REFERENCES t_talk (id) ON DELETE CASCADE
);
success!
success!
success!
success!
success!
success!
success!
success!
success!
success!
success!
success!
success!
success!
success!
success!
success!
success!
success!
success!
success!
success!
success!
success!
success!
success!
success!
success!
success!
success!
success!
success!
success!
success!
success!
success!
success!
success!
success!
success!
success!
success!
success!
success!
success!
success!
success!
success!
success!
timestamp: 2015-01-02T17:12:47.898756
CREATE TABLE t_attendance(
    id INTEGER PRIMARY KEY AUTOINCREMENT,
    f_talk_id INTEGER REFERENCES t_talk (id) ON DELETE CASCADE,
    f_user_id INTEGER REFERENCES auth_user (id) ON DELETE CASCADE,
    f_attending CHAR(5),
    is_active CHAR(1),
    created_on TIMESTAMP,
    created_by INTEGER REFERENCES auth_user (id) ON DELETE CASCADE,
    modified_on TIMESTAMP,
    modified_by INTEGER REFERENCES auth_user (id) ON DELETE CASCADE
);
success!
timestamp: 2015-01-02T17:12:47.951311
CREATE TABLE t_attendance_archive(
    id INTEGER PRIMARY KEY AUTOINCREMENT,
    f_talk_id INTEGER REFERENCES t_talk (id) ON DELETE CASCADE,
    f_user_id INTEGER REFERENCES auth_user (id) ON DELETE CASCADE,
    f_attending CHAR(5),
    is_active CHAR(1),
    created_on TIMESTAMP,
    created_by INTEGER REFERENCES auth_user (id) ON DELETE CASCADE,
    modified_on TIMESTAMP,
    modified_by INTEGER REFERENCES auth_user (id) ON DELETE CASCADE,
    current_record INTEGER REFERENCES t_attendance (id) ON DELETE CASCADE
);
success!
